<html xmlns:math="http://exslt.org/math" xmlns:testng="http://testng.org">
   <head>
      <title>TestNG Results</title>
      <meta http-equiv="content-type" content="text/html; charset=utf-8"></meta>
      <meta http-equiv="pragma" content="no-cache"></meta>
      <meta http-equiv="cache-control" content="max-age=0"></meta>
      <meta http-equiv="cache-control" content="no-cache"></meta>
      <meta http-equiv="cache-control" content="no-store"></meta>
      <LINK rel="stylesheet" href="style.css"></LINK>
      <script type="text/javascript" src="main.js"></script>
   </head>
   <body>
      <table width="100%" style="font-size: 16px; margin-bottom: 10px;" cellspacing="1">
         <tr>
            <td width="100%">
               Test case
               
               <b>Test</b>
            </td>
            <td style="background-color: #FFBBBB; padding: 3px 3px 3px 0;" align="center">
               <div style="width: 50px;">1</div>
            </td>
            <td style="background-color: lightgreen; padding: 3px 3px 3px 0;" align="center">
               <div style="width: 50px;">0</div>
            </td>
            <td style="background-color: #FFFFBB; padding: 3px 3px 3px 0;" align="center">
               <div style="width: 50px;">0</div>
            </td>
            <td align="center" style="background-color: #eaf0f7; padding: 3px 3px 3px 0;">
               <div style="width: 50px;">1</div>
            </td>
            <td align="center"
                style="font-weight: bold; background-color: #eaf0f7; padding: 3px 3px 3px 0;">
               <div style="width: 50px;">0%</div>
            </td>
         </tr>
      </table>
      <div style="width: 200px;">
         <label for="groupMethodsCheckBox" style="font-weight: bold; margin: 0;">
            <input id="groupMethodsCheckBox" type="checkbox" onclick="switchTestMethodsView(this)"></input>
            Group by class
            
         </label>
         <br></br>
         <label for="methodsFilter_ALL" style="font-weight: bold; margin: 0;">
            <input id="methodsFilter_ALL" type="checkbox"
                   onclick="testMethodsFilterChanged(this, 'ALL')"></input>
            All
            
         </label>
      </div>
      <label for="methodsFilter_FAIL" style="margin-left: 20px;">
         <input id="methodsFilter_FAIL" type="checkbox"
                onclick="testMethodsFilterChanged(this, 'FAIL')"
                checked=""></input>
         Failed
         
      </label>
      <label for="methodsFilter_PASS">
         <input id="methodsFilter_PASS" type="checkbox"
                onclick="testMethodsFilterChanged(this, 'PASS')"
                checked=""></input>
         Passed
         
      </label>
      <label for="methodsFilter_SKIP">
         <input id="methodsFilter_SKIP" type="checkbox"
                onclick="testMethodsFilterChanged(this, 'SKIP')"
                checked=""></input>
         Skipped
         
      </label>
      <label for="methodsFilter_CONF">
         <input id="methodsFilter_CONF" type="checkbox"
                onclick="testMethodsFilterChanged(this, 'CONF')"></input>
         Config
         
      </label>
      <br></br>
      <div id="testMethodsByStatus">
         <table class="testMethodsTable" cellpadding="0" cellspacing="0">
            <tr class="methodsTableHeader">
               <td width="100%">Name</td>
               <td nowrap="true">Started</td>
               <td nowrap="true">Duration</td>
               <td>Exception</td>
            </tr>
            <tr id="testcases.account_center.test_case_022_account_center_msg_search_test_account_center_msg_search_byStatus_failed_FAIL1_row"
                class="testMethodStatusFAIL">
               <td width="100%" class="firstMethodCell">
                  <a onclick="toggleDetailsVisibility('testcases.account_center.test_case_022_account_center_msg_search_test_account_center_msg_search_byStatus_failed_FAIL1_details')">test_account_center_msg_search()</a>
               </td>
               <td nowrap="true">15:16:03</td>
               <td nowrap="true" align="right">31s
                  
               </td>
               <td nowrap="true">
                  <a onclick="toggleDetailsVisibility('testcases.account_center.test_case_022_account_center_msg_search_test_account_center_msg_search_byStatus_failed_FAIL1_exception')">java.lang.ArrayIndexOutOfBoundsException: 
                     -3
                     
                  </a>
                   
                  
               </td>
            </tr>
            <tr>
               <td colspan="4"
                   style="padding: 0; background-color: white; border-style: none; height: 0px;">
                  <div id="testcases.account_center.test_case_022_account_center_msg_search_test_account_center_msg_search_byStatus_failed_FAIL1_details"
                       class="testMethodDetails">
                     <div>
                        <b>Name:
                           
                        </b>test_account_center_msg_search
                     </div>
                     <div>
                        <b>Signature:
                           
                        </b>test_account_center_msg_search()[pri:0, instance:testcases.account_center.test_case_022_account_center_msg_search@7cdd422e]
                     </div>
                     <div>
                        <b>Start time:
                           
                        </b>15:16:03
                     </div>
                     <div>
                        <b>End time:
                           
                        </b>15:16:34
                     </div>
                     <div>
                        <b>Duration:
                           
                        </b>31s
                        
                     </div>
                  </div>
               </td>
            </tr>
            <tr>
               <td colspan="4"
                   style="padding: 0; background-color: white; border-style: none; height: 0px;">
                  <div id="testcases.account_center.test_case_022_account_center_msg_search_test_account_center_msg_search_byStatus_failed_FAIL1_exception"
                       class="testMethodDetails">
                     <pre style="padding: 5px; margin: 0;">java.lang.ArrayIndexOutOfBoundsException: -3
                        	at java.util.ArrayList.elementData(ArrayList.java:400)
                        	at java.util.ArrayList.get(ArrayList.java:413)
                        	at pages.base.base_page.third_last_pageNum1(base_page.java:88)
                        	at pages.base.base_page.page_number(base_page.java:64)
                        	at testcases.account_center.test_case_022_account_center_msg_search.test_account_center_msg_search(test_case_022_account_center_msg_search.java:30)
                        	at sun.reflect.NativeMethodAccessorImpl.invoke0(Native Method)
                        	at sun.reflect.NativeMethodAccessorImpl.invoke(NativeMethodAccessorImpl.java:57)
                        	at sun.reflect.DelegatingMethodAccessorImpl.invoke(DelegatingMethodAccessorImpl.java:43)
                        	at java.lang.reflect.Method.invoke(Method.java:606)
                        	at org.testng.internal.MethodInvocationHelper.invokeMethod(MethodInvocationHelper.java:85)
                        	at org.testng.internal.Invoker.invokeMethod(Invoker.java:639)
                        	at org.testng.internal.Invoker.invokeTestMethod(Invoker.java:816)
                        	at org.testng.internal.Invoker.invokeTestMethods(Invoker.java:1124)
                        	at org.testng.internal.TestMethodWorker.invokeTestMethods(TestMethodWorker.java:125)
                        	at org.testng.internal.TestMethodWorker.run(TestMethodWorker.java:108)
                        	at org.testng.TestRunner.privateRun(TestRunner.java:774)
                        	at org.testng.TestRunner.run(TestRunner.java:624)
                        	at org.testng.SuiteRunner.runTest(SuiteRunner.java:359)
                        	at org.testng.SuiteRunner.runSequentially(SuiteRunner.java:354)
                        	at org.testng.SuiteRunner.privateRun(SuiteRunner.java:312)
                        	at org.testng.SuiteRunner.run(SuiteRunner.java:261)
                        	at org.testng.SuiteRunnerWorker.runSuite(SuiteRunnerWorker.java:52)
                        	at org.testng.SuiteRunnerWorker.run(SuiteRunnerWorker.java:86)
                        	at org.testng.TestNG.runSuitesSequentially(TestNG.java:1215)
                        	at org.testng.TestNG.runSuitesLocally(TestNG.java:1140)
                        	at org.testng.TestNG.run(TestNG.java:1048)
                        	at org.testng.TestNG.privateMain(TestNG.java:1355)
                        	at org.testng.TestNG.main(TestNG.java:1324)
                     </pre>
                  </div>
               </td>
            </tr>
            <tr id="testcases.account_center.test_case_022_account_center_msg_search_setUp_byStatus_passed_PASS1_row"
                class="testMethodStatusPASS testMethodStatusCONF">
               <td width="100%" class="firstMethodCell">
                  <a onclick="toggleDetailsVisibility('testcases.account_center.test_case_022_account_center_msg_search_setUp_byStatus_passed_PASS1_details')">setUp()</a>
               </td>
               <td nowrap="true">15:15:58</td>
               <td nowrap="true" align="right">4s
                  
               </td>
               <td nowrap="true">
                   
                  
               </td>
            </tr>
            <tr>
               <td colspan="4"
                   style="padding: 0; background-color: white; border-style: none; height: 0px;">
                  <div id="testcases.account_center.test_case_022_account_center_msg_search_setUp_byStatus_passed_PASS1_details"
                       class="testMethodDetails">
                     <div>
                        <b>Name:
                           
                        </b>setUp
                     </div>
                     <div>
                        <b>Signature:
                           
                        </b>setUp()[pri:0, instance:testcases.account_center.test_case_022_account_center_msg_search@7cdd422e]
                     </div>
                     <div>
                        <b>Start time:
                           
                        </b>15:15:58
                     </div>
                     <div>
                        <b>End time:
                           
                        </b>15:16:03
                     </div>
                     <div>
                        <b>Duration:
                           
                        </b>4s
                        
                     </div>
                  </div>
               </td>
            </tr>
            <tr></tr>
            <tr id="testcases.account_center.test_case_022_account_center_msg_search_tearDown_byStatus_passed_PASS2_row"
                class="testMethodStatusPASS testMethodStatusCONF">
               <td width="100%" class="firstMethodCell">
                  <a onclick="toggleDetailsVisibility('testcases.account_center.test_case_022_account_center_msg_search_tearDown_byStatus_passed_PASS2_details')">tearDown()</a>
               </td>
               <td nowrap="true">15:16:34</td>
               <td nowrap="true" align="right">420 ms
                  
               </td>
               <td nowrap="true">
                   
                  
               </td>
            </tr>
            <tr>
               <td colspan="4"
                   style="padding: 0; background-color: white; border-style: none; height: 0px;">
                  <div id="testcases.account_center.test_case_022_account_center_msg_search_tearDown_byStatus_passed_PASS2_details"
                       class="testMethodDetails">
                     <div>
                        <b>Name:
                           
                        </b>tearDown
                     </div>
                     <div>
                        <b>Signature:
                           
                        </b>tearDown()[pri:0, instance:testcases.account_center.test_case_022_account_center_msg_search@7cdd422e]
                     </div>
                     <div>
                        <b>Start time:
                           
                        </b>15:16:34
                     </div>
                     <div>
                        <b>End time:
                           
                        </b>15:16:34
                     </div>
                     <div>
                        <b>Duration:
                           
                        </b>420 ms
                        
                     </div>
                  </div>
               </td>
            </tr>
            <tr></tr>
         </table>
      </div>
      <div id="testMethodsByClass" style="display: none;">
         <table class="testMethodsTable" cellpadding="0" cellspacing="0">
            <tr>
               <td colspan="4">
                  <h3 style="display: inline;">testcases.account_center.test_case_022_account_center_msg_search</h3>
               </td>
            </tr>
            <tr class="methodsTableHeader">
               <td width="100%">Name</td>
               <td nowrap="true">Started</td>
               <td nowrap="true">Duration</td>
               <td>Exception</td>
            </tr>
            <tr id="testcases.account_center.test_case_022_account_center_msg_search_setUp_byClass_PASS1_row"
                class="testMethodStatusPASS testMethodStatusCONF">
               <td width="100%" class="firstMethodCell">
                  <a onclick="toggleDetailsVisibility('testcases.account_center.test_case_022_account_center_msg_search_setUp_byClass_PASS1_details')">setUp()</a>
               </td>
               <td nowrap="true">15:15:58</td>
               <td nowrap="true" align="right">4s
                  
               </td>
               <td nowrap="true">
                   
                  
               </td>
            </tr>
            <tr>
               <td colspan="4"
                   style="padding: 0; background-color: white; border-style: none; height: 0px;">
                  <div id="testcases.account_center.test_case_022_account_center_msg_search_setUp_byClass_PASS1_details"
                       class="testMethodDetails">
                     <div>
                        <b>Name:
                           
                        </b>setUp
                     </div>
                     <div>
                        <b>Signature:
                           
                        </b>setUp()[pri:0, instance:testcases.account_center.test_case_022_account_center_msg_search@7cdd422e]
                     </div>
                     <div>
                        <b>Start time:
                           
                        </b>15:15:58
                     </div>
                     <div>
                        <b>End time:
                           
                        </b>15:16:03
                     </div>
                     <div>
                        <b>Duration:
                           
                        </b>4s
                        
                     </div>
                  </div>
               </td>
            </tr>
            <tr></tr>
            <tr id="testcases.account_center.test_case_022_account_center_msg_search_test_account_center_msg_search_byClass_FAIL2_row"
                class="testMethodStatusFAIL">
               <td width="100%" class="firstMethodCell">
                  <a onclick="toggleDetailsVisibility('testcases.account_center.test_case_022_account_center_msg_search_test_account_center_msg_search_byClass_FAIL2_details')">test_account_center_msg_search()</a>
               </td>
               <td nowrap="true">15:16:03</td>
               <td nowrap="true" align="right">31s
                  
               </td>
               <td nowrap="true">
                  <a onclick="toggleDetailsVisibility('testcases.account_center.test_case_022_account_center_msg_search_test_account_center_msg_search_byClass_FAIL2_exception')">java.lang.ArrayIndexOutOfBoundsException: 
                     -3
                     
                  </a>
                   
                  
               </td>
            </tr>
            <tr>
               <td colspan="4"
                   style="padding: 0; background-color: white; border-style: none; height: 0px;">
                  <div id="testcases.account_center.test_case_022_account_center_msg_search_test_account_center_msg_search_byClass_FAIL2_details"
                       class="testMethodDetails">
                     <div>
                        <b>Name:
                           
                        </b>test_account_center_msg_search
                     </div>
                     <div>
                        <b>Signature:
                           
                        </b>test_account_center_msg_search()[pri:0, instance:testcases.account_center.test_case_022_account_center_msg_search@7cdd422e]
                     </div>
                     <div>
                        <b>Start time:
                           
                        </b>15:16:03
                     </div>
                     <div>
                        <b>End time:
                           
                        </b>15:16:34
                     </div>
                     <div>
                        <b>Duration:
                           
                        </b>31s
                        
                     </div>
                  </div>
               </td>
            </tr>
            <tr>
               <td colspan="4"
                   style="padding: 0; background-color: white; border-style: none; height: 0px;">
                  <div id="testcases.account_center.test_case_022_account_center_msg_search_test_account_center_msg_search_byClass_FAIL2_exception"
                       class="testMethodDetails">
                     <pre style="padding: 5px; margin: 0;">java.lang.ArrayIndexOutOfBoundsException: -3
                        	at java.util.ArrayList.elementData(ArrayList.java:400)
                        	at java.util.ArrayList.get(ArrayList.java:413)
                        	at pages.base.base_page.third_last_pageNum1(base_page.java:88)
                        	at pages.base.base_page.page_number(base_page.java:64)
                        	at testcases.account_center.test_case_022_account_center_msg_search.test_account_center_msg_search(test_case_022_account_center_msg_search.java:30)
                        	at sun.reflect.NativeMethodAccessorImpl.invoke0(Native Method)
                        	at sun.reflect.NativeMethodAccessorImpl.invoke(NativeMethodAccessorImpl.java:57)
                        	at sun.reflect.DelegatingMethodAccessorImpl.invoke(DelegatingMethodAccessorImpl.java:43)
                        	at java.lang.reflect.Method.invoke(Method.java:606)
                        	at org.testng.internal.MethodInvocationHelper.invokeMethod(MethodInvocationHelper.java:85)
                        	at org.testng.internal.Invoker.invokeMethod(Invoker.java:639)
                        	at org.testng.internal.Invoker.invokeTestMethod(Invoker.java:816)
                        	at org.testng.internal.Invoker.invokeTestMethods(Invoker.java:1124)
                        	at org.testng.internal.TestMethodWorker.invokeTestMethods(TestMethodWorker.java:125)
                        	at org.testng.internal.TestMethodWorker.run(TestMethodWorker.java:108)
                        	at org.testng.TestRunner.privateRun(TestRunner.java:774)
                        	at org.testng.TestRunner.run(TestRunner.java:624)
                        	at org.testng.SuiteRunner.runTest(SuiteRunner.java:359)
                        	at org.testng.SuiteRunner.runSequentially(SuiteRunner.java:354)
                        	at org.testng.SuiteRunner.privateRun(SuiteRunner.java:312)
                        	at org.testng.SuiteRunner.run(SuiteRunner.java:261)
                        	at org.testng.SuiteRunnerWorker.runSuite(SuiteRunnerWorker.java:52)
                        	at org.testng.SuiteRunnerWorker.run(SuiteRunnerWorker.java:86)
                        	at org.testng.TestNG.runSuitesSequentially(TestNG.java:1215)
                        	at org.testng.TestNG.runSuitesLocally(TestNG.java:1140)
                        	at org.testng.TestNG.run(TestNG.java:1048)
                        	at org.testng.TestNG.privateMain(TestNG.java:1355)
                        	at org.testng.TestNG.main(TestNG.java:1324)
                     </pre>
                  </div>
               </td>
            </tr>
            <tr id="testcases.account_center.test_case_022_account_center_msg_search_tearDown_byClass_PASS3_row"
                class="testMethodStatusPASS testMethodStatusCONF">
               <td width="100%" class="firstMethodCell">
                  <a onclick="toggleDetailsVisibility('testcases.account_center.test_case_022_account_center_msg_search_tearDown_byClass_PASS3_details')">tearDown()</a>
               </td>
               <td nowrap="true">15:16:34</td>
               <td nowrap="true" align="right">420 ms
                  
               </td>
               <td nowrap="true">
                   
                  
               </td>
            </tr>
            <tr>
               <td colspan="4"
                   style="padding: 0; background-color: white; border-style: none; height: 0px;">
                  <div id="testcases.account_center.test_case_022_account_center_msg_search_tearDown_byClass_PASS3_details"
                       class="testMethodDetails">
                     <div>
                        <b>Name:
                           
                        </b>tearDown
                     </div>
                     <div>
                        <b>Signature:
                           
                        </b>tearDown()[pri:0, instance:testcases.account_center.test_case_022_account_center_msg_search@7cdd422e]
                     </div>
                     <div>
                        <b>Start time:
                           
                        </b>15:16:34
                     </div>
                     <div>
                        <b>End time:
                           
                        </b>15:16:34
                     </div>
                     <div>
                        <b>Duration:
                           
                        </b>420 ms
                        
                     </div>
                  </div>
               </td>
            </tr>
            <tr></tr>
         </table>
         <br></br>
      </div>
      <div style="margin-top: 15px; color: gray; text-align: center; font-size: 9px;">
         Generated with
         
         <a href="http://code.google.com/p/testng-xslt/" style="color: #8888aa;"
            target="_blank">
            TestNG XSLT
            
         </a>
      </div>
   </body>
</html>